<?xml version="1.0" encoding="UTF-8"?>
<!-- Generated by org.testng.reporters.JUnitXMLReporter -->
<testsuite ignored="0" hostname="DESKTOP-I8E442A" failures="1" tests="2" name="Test" time="25.752" errors="0" timestamp="2024-02-27T17:49:43 IST">
  <testcase classname="testCases.TC_001_AccountRegistrationTest" name="Verify_AccountRegistration" time="3.246"/>
  <testcase classname="testCases.TC_002_LoginTest" name="verify_login" time="11.56">
    <failure type="java.lang.AssertionError" message="null">
      <![CDATA[java.lang.AssertionError: null
at testCases.TC_002_LoginTest.verify_login(TC_002_LoginTest.java:41)
at java.base/java.util.ArrayList.forEach(ArrayList.java:1511)
... Removed 33 stack frames]]>
    </failure>
  </testcase> <!-- verify_login -->
</testsuite> <!-- Test -->
