<?xml version="1.0" encoding="UTF-8"?>
<testng-results ignored="0" total="2" passed="2" failed="0" skipped="0">
  <reporter-output>
  </reporter-output>
  <suite started-at="2024-02-26T13:21:54 IST" name="Suite" finished-at="2024-02-26T13:22:09 IST" duration-ms="15865">
    <groups>
      <group name="regression">
        <method signature="TC_001_AccountRegistrationTest.Verify_AccountRegistration()[pri:0, instance:testCases.TC_001_AccountRegistrationTest@606e4010]" name="Verify_AccountRegistration" class="testCases.TC_001_AccountRegistrationTest"/>
      </group> <!-- regression -->
      <group name="sanity">
        <method signature="TC_002_LoginTest.verify_login()[pri:0, instance:testCases.TC_002_LoginTest@645aa696]" name="verify_login" class="testCases.TC_002_LoginTest"/>
      </group> <!-- sanity -->
      <group name="master">
        <method signature="TC_001_AccountRegistrationTest.Verify_AccountRegistration()[pri:0, instance:testCases.TC_001_AccountRegistrationTest@606e4010]" name="Verify_AccountRegistration" class="testCases.TC_001_AccountRegistrationTest"/>
        <method signature="TC_002_LoginTest.verify_login()[pri:0, instance:testCases.TC_002_LoginTest@645aa696]" name="verify_login" class="testCases.TC_002_LoginTest"/>
      </group> <!-- master -->
    </groups>
    <test started-at="2024-02-26T13:21:54 IST" name="Test" finished-at="2024-02-26T13:22:09 IST" duration-ms="15865">
      <class name="testCases.TC_001_AccountRegistrationTest">
        <test-method is-config="true" signature="setup(java.lang.String,java.lang.String)[pri:0, instance:testCases.TC_001_AccountRegistrationTest@606e4010]" started-at="2024-02-26T13:21:54 IST" name="setup" finished-at="2024-02-26T13:21:59 IST" duration-ms="5230" status="PASS">
          <params>
            <param index="0">
              <value>
                <![CDATA[windows]]>
              </value>
            </param>
            <param index="1">
              <value>
                <![CDATA[chrome]]>
              </value>
            </param>
          </params>
          <reporter-output>
          </reporter-output>
        </test-method> <!-- setup -->
        <test-method signature="Verify_AccountRegistration()[pri:0, instance:testCases.TC_001_AccountRegistrationTest@606e4010]" started-at="2024-02-26T13:21:59 IST" name="Verify_AccountRegistration" finished-at="2024-02-26T13:22:03 IST" duration-ms="3812" status="PASS">
          <reporter-output>
          </reporter-output>
        </test-method> <!-- Verify_AccountRegistration -->
        <test-method is-config="true" signature="teardown()[pri:0, instance:testCases.TC_001_AccountRegistrationTest@606e4010]" started-at="2024-02-26T13:22:03 IST" name="teardown" finished-at="2024-02-26T13:22:03 IST" duration-ms="232" status="PASS">
          <reporter-output>
          </reporter-output>
        </test-method> <!-- teardown -->
      </class> <!-- testCases.TC_001_AccountRegistrationTest -->
      <class name="testCases.TC_002_LoginTest">
        <test-method is-config="true" signature="setup(java.lang.String,java.lang.String)[pri:0, instance:testCases.TC_002_LoginTest@645aa696]" started-at="2024-02-26T13:22:03 IST" name="setup" finished-at="2024-02-26T13:22:06 IST" duration-ms="2527" status="PASS">
          <params>
            <param index="0">
              <value>
                <![CDATA[windows]]>
              </value>
            </param>
            <param index="1">
              <value>
                <![CDATA[chrome]]>
              </value>
            </param>
          </params>
          <reporter-output>
          </reporter-output>
        </test-method> <!-- setup -->
        <test-method signature="verify_login()[pri:0, instance:testCases.TC_002_LoginTest@645aa696]" started-at="2024-02-26T13:22:06 IST" name="verify_login" finished-at="2024-02-26T13:22:09 IST" duration-ms="3229" status="PASS">
          <reporter-output>
          </reporter-output>
        </test-method> <!-- verify_login -->
        <test-method is-config="true" signature="teardown()[pri:0, instance:testCases.TC_002_LoginTest@645aa696]" started-at="2024-02-26T13:22:09 IST" name="teardown" finished-at="2024-02-26T13:22:09 IST" duration-ms="185" status="PASS">
          <reporter-output>
          </reporter-output>
        </test-method> <!-- teardown -->
      </class> <!-- testCases.TC_002_LoginTest -->
    </test> <!-- Test -->
  </suite> <!-- Suite -->
</testng-results>
